<?xml version="1.0" encoding="UTF-8"?>
<!-- Generated by org.testng.reporters.JUnitReportReporter -->
<testsuite hostname="HOME-PC" name="TestRunner.RunnerClass" tests="1" failures="0" timestamp="7 Feb 2020 05:10:27 GMT" time="28.853" errors="0">
  <testcase name="iPhone" time="28.853" classname="TestRunner.RunnerClass"/>
</testsuite> <!-- TestRunner.RunnerClass -->
